2022-11-24 10:31:40 [32minfo[39m: Starting the menu service on http://localhost:3003/
2022-11-24 10:32:17 [32minfo[39m: Getting the menu
2022-11-24 10:32:29 [32minfo[39m: Getting the menu
2022-11-24 10:34:36 [32minfo[39m: Starting the menu service on http://localhost:3003/
2022-11-24 10:34:36 [32minfo[39m: eeeeeeeee
2022-11-24 10:35:20 [32minfo[39m: Starting the menu service on http://localhost:3003/
2022-11-24 10:35:27 [32minfo[39m: Getting the menu
2022-11-24 10:35:34 [32minfo[39m: Getting the menu
2022-11-24 10:35:47 [32minfo[39m: Starting the menu service on http://localhost:3003/
2022-11-24 10:46:07 [32minfo[39m: Starting the menu service on http://localhost:3003/
2022-11-24 10:46:14 [32minfo[39m: Getting the menu
2022-11-24 10:46:14 [31merror[39m: This is from inside the if
2022-11-24 10:46:21 [32minfo[39m: Getting the menu
2022-11-24 10:46:21 [31merror[39m: This is from inside the if
2022-11-24 10:47:09 [32minfo[39m: Getting the menu
2022-11-24 10:47:09 [31merror[39m: This is from inside the if
2022-11-24 10:47:11 [32minfo[39m: Getting the menu
2022-11-24 10:47:11 [31merror[39m: This is from inside the if
2022-11-24 10:47:44 [32minfo[39m: Starting the menu service on http://localhost:3003/
2022-11-24 10:47:49 [32minfo[39m: Getting the menu
2022-11-24 10:47:49 [31merror[39m: This is from inside the if
2022-11-24 10:47:50 [32minfo[39m: Getting the menu
2022-11-24 10:47:50 [31merror[39m: This is from inside the if
2022-11-24 10:47:52 [32minfo[39m: Getting the menu
2022-11-24 10:47:52 [31merror[39m: This is from inside the if
2022-11-24 10:47:56 [32minfo[39m: Getting the menu
2022-11-24 10:47:56 [31merror[39m: This is from inside the if
2022-11-24 10:50:00 [32minfo[39m: Starting the menu service on http://localhost:3003/
2022-11-24 10:58:06 [32minfo[39m: Starting the menu service on http://localhost:3003/
2022-11-24 10:58:40 [32minfo[39m: Getting the menu
2022-11-24 10:58:40 [32minfo[39m: [object Object]
2022-11-24 10:58:40 [31merror[39m: This would be the log for the error
2022-11-24 10:58:41 [32minfo[39m: Getting the menu
2022-11-24 10:58:41 [32minfo[39m: [object Object]
2022-11-24 10:58:41 [31merror[39m: This would be the log for the error
2022-11-24 10:58:55 [32minfo[39m: Getting the menu
2022-11-24 10:58:55 [32minfo[39m: [object Object]
2022-11-24 10:58:55 [31merror[39m: This would be the log for the error
2022-11-24 10:58:56 [32minfo[39m: Getting the menu
2022-11-24 10:58:56 [32minfo[39m: [object Object]
2022-11-24 10:58:56 [31merror[39m: This would be the log for the error
2022-11-24 10:58:58 [32minfo[39m: Getting the menu
2022-11-24 10:58:58 [32minfo[39m: [object Object]
2022-11-24 10:58:58 [31merror[39m: This would be the log for the error
2022-11-24 10:59:02 [32minfo[39m: Getting the menu
2022-11-24 10:59:02 [32minfo[39m: [object Object]
2022-11-24 10:59:02 [31merror[39m: This would be the log for the error
2022-11-24 10:59:28 [32minfo[39m: Getting the menu
2022-11-24 10:59:28 [32minfo[39m: [object Object]
2022-11-24 10:59:28 [31merror[39m: This would be the log for the error
2022-11-24 10:59:29 [32minfo[39m: Getting the menu
2022-11-24 10:59:29 [32minfo[39m: [object Object]
2022-11-24 10:59:29 [31merror[39m: This would be the log for the error
2022-11-24 10:59:31 [32minfo[39m: Getting the menu
2022-11-24 10:59:31 [32minfo[39m: [object Object]
2022-11-24 10:59:31 [31merror[39m: This would be the log for the error
2022-11-24 10:59:35 [32minfo[39m: Getting the menu
2022-11-24 10:59:35 [32minfo[39m: [object Object]
2022-11-24 10:59:35 [31merror[39m: This would be the log for the error
2022-11-24 11:13:02 [32minfo[39m: Starting the menu service on http://localhost:3003/
2022-11-24 11:13:04 [32minfo[39m: undefined
2022-11-24 11:13:04 [31merror[39m: This would be the log for the error
2022-11-24 11:13:05 [32minfo[39m: undefined
2022-11-24 11:13:05 [31merror[39m: This would be the log for the error
2022-11-24 11:13:09 [32minfo[39m: undefined
2022-11-24 11:13:09 [31merror[39m: This would be the log for the error
2022-11-24 11:13:10 [32minfo[39m: undefined
2022-11-24 11:13:10 [31merror[39m: This would be the log for the error
2022-11-24 11:13:12 [32minfo[39m: undefined
2022-11-24 11:13:12 [31merror[39m: This would be the log for the error
2022-11-24 11:13:16 [32minfo[39m: undefined
2022-11-24 11:13:16 [31merror[39m: This would be the log for the error
2022-11-24 11:17:51 [32minfo[39m: Starting the menu service on http://localhost:3003/
2022-11-24 11:18:00 [32minfo[39m: undefined
2022-11-24 11:18:00 [32minfo[39m: Esther's German Saloon
2022-11-24 11:18:00 [31merror[39m: This would be the log for the error
2022-11-24 11:18:01 [32minfo[39m: undefined
2022-11-24 11:18:01 [32minfo[39m: Esther's German Saloon
2022-11-24 11:18:01 [31merror[39m: This would be the log for the error
2022-11-24 11:18:03 [32minfo[39m: undefined
2022-11-24 11:18:03 [32minfo[39m: Esther's German Saloon
2022-11-24 11:18:03 [31merror[39m: This would be the log for the error
2022-11-24 11:18:07 [32minfo[39m: undefined
2022-11-24 11:18:07 [32minfo[39m: Esther's German Saloon
2022-11-24 11:18:07 [31merror[39m: This would be the log for the error
2022-11-24 11:18:56 [32minfo[39m: undefined
2022-11-24 11:18:56 [32minfo[39m: Saucy Piggy
2022-11-24 11:18:56 [31merror[39m: This would be the log for the error
2022-11-24 11:18:57 [32minfo[39m: undefined
2022-11-24 11:18:57 [32minfo[39m: Saucy Piggy
2022-11-24 11:18:57 [31merror[39m: This would be the log for the error
2022-11-24 11:19:01 [32minfo[39m: undefined
2022-11-24 11:19:01 [32minfo[39m: Saucy Piggy
2022-11-24 11:19:01 [31merror[39m: This would be the log for the error
2022-11-24 11:19:02 [32minfo[39m: undefined
2022-11-24 11:19:02 [32minfo[39m: Saucy Piggy
2022-11-24 11:19:02 [31merror[39m: This would be the log for the error
2022-11-24 11:19:04 [32minfo[39m: undefined
2022-11-24 11:19:04 [32minfo[39m: Der Speisewagen
2022-11-24 11:19:04 [31merror[39m: This would be the log for the error
2022-11-24 11:19:06 [32minfo[39m: undefined
2022-11-24 11:19:06 [32minfo[39m: Der Speisewagen
2022-11-24 11:19:06 [31merror[39m: This would be the log for the error
2022-11-24 11:19:08 [32minfo[39m: undefined
2022-11-24 11:19:08 [32minfo[39m: Der Speisewagen
2022-11-24 11:19:08 [31merror[39m: This would be the log for the error
2022-11-24 11:19:12 [32minfo[39m: undefined
2022-11-24 11:19:12 [32minfo[39m: Der Speisewagen
2022-11-24 11:19:12 [31merror[39m: This would be the log for the error
2022-11-24 11:19:18 [32minfo[39m: undefined
2022-11-24 11:19:18 [32minfo[39m: Esther's German Saloon
2022-11-24 11:19:18 [31merror[39m: This would be the log for the error
2022-11-24 11:19:19 [32minfo[39m: undefined
2022-11-24 11:19:19 [32minfo[39m: Esther's German Saloon
2022-11-24 11:19:19 [31merror[39m: This would be the log for the error
2022-11-24 11:19:21 [32minfo[39m: undefined
2022-11-24 11:19:21 [32minfo[39m: Esther's German Saloon
2022-11-24 11:19:21 [31merror[39m: This would be the log for the error
2022-11-24 11:19:25 [32minfo[39m: undefined
2022-11-24 11:19:25 [32minfo[39m: Esther's German Saloon
2022-11-24 11:19:25 [31merror[39m: This would be the log for the error
2022-11-24 11:20:32 [32minfo[39m: undefined
2022-11-24 11:20:32 [32minfo[39m: Esther's German Saloon
2022-11-24 11:20:32 [31merror[39m: This would be the log for the error
2022-11-24 11:20:33 [32minfo[39m: undefined
2022-11-24 11:20:33 [32minfo[39m: Esther's German Saloon
2022-11-24 11:20:33 [31merror[39m: This would be the log for the error
2022-11-24 11:21:04 [32minfo[39m: undefined
2022-11-24 11:21:04 [32minfo[39m: Saucy Piggy
2022-11-24 11:21:04 [31merror[39m: This would be the log for the error
2022-11-24 11:21:05 [32minfo[39m: undefined
2022-11-24 11:21:05 [32minfo[39m: Saucy Piggy
2022-11-24 11:21:05 [31merror[39m: This would be the log for the error
2022-11-24 11:21:07 [32minfo[39m: undefined
2022-11-24 11:21:07 [32minfo[39m: Saucy Piggy
2022-11-24 11:21:07 [31merror[39m: This would be the log for the error
2022-11-24 11:21:11 [32minfo[39m: undefined
2022-11-24 11:21:11 [32minfo[39m: Saucy Piggy
2022-11-24 11:21:11 [31merror[39m: This would be the log for the error
2022-11-24 11:21:31 [32minfo[39m: Starting the menu service on http://localhost:3003/
2022-11-24 11:21:44 [31merror[39m: This would be the log for the error
2022-11-24 11:21:45 [31merror[39m: This would be the log for the error
2022-11-24 11:21:47 [31merror[39m: This would be the log for the error
2022-11-24 11:22:05 [31merror[39m: This would be the log for the error
2022-11-24 11:22:06 [31merror[39m: This would be the log for the error
2022-11-24 11:22:08 [31merror[39m: This would be the log for the error
2022-11-24 11:22:12 [31merror[39m: This would be the log for the error
2022-11-24 11:22:15 [31merror[39m: This would be the log for the error
2022-11-24 11:22:16 [31merror[39m: This would be the log for the error
2022-11-24 11:22:30 [31merror[39m: This would be the log for the error
2022-11-24 11:22:31 [31merror[39m: This would be the log for the error
2022-11-24 11:22:33 [31merror[39m: This would be the log for the error
2022-11-24 11:22:37 [31merror[39m: This would be the log for the error
2022-11-24 11:23:52 [31merror[39m: This would be the log for the error
2022-11-24 11:23:53 [31merror[39m: This would be the log for the error
2022-11-24 11:23:55 [31merror[39m: This would be the log for the error
2022-11-24 11:23:59 [31merror[39m: This would be the log for the error
2022-11-24 11:28:05 [32minfo[39m: Starting the menu service on http://localhost:3003/
